
  .   ____          _            __ _ _
 /\\ / ___'_ __ _ _(_)_ __  __ _ \ \ \ \
( ( )\___ | '_ | '_| | '_ \/ _` | \ \ \ \
 \\/  ___)| |_)| | | | | || (_| |  ) ) ) )
  '  |____| .__|_| |_|_| |_\__, | / / / /
 =========|_|==============|___/=/_/_/_/
 :: Spring Boot ::       (v2.2.11.RELEASE)

2021-03-16 10:53:03.580  INFO 1 --- [           main] com.zeebe.workers.Task1                  : Starting Task1 on task1-7d4cfb7889-chh6d with PID 1 (/app/classes started by app in /)
2021-03-16 10:53:03.586  INFO 1 --- [           main] com.zeebe.workers.Task1                  : No active profile set, falling back to default profiles: default
2021-03-16 10:53:04.189  INFO 1 --- [           main] trationDelegate$BeanPostProcessorChecker : Bean 'io.zeebe.spring.client.config.processor.PostProcessorConfiguration' of type [io.zeebe.spring.client.config.processor.PostProcessorConfiguration] is not eligible for getting processed by all BeanPostProcessors (for example: not eligible for auto-proxying)
2021-03-16 10:53:04.198  INFO 1 --- [           main] trationDelegate$BeanPostProcessorChecker : Bean 'io.zeebe.spring.client.bean.value.factory.ReadAnnotationValueConfiguration' of type [io.zeebe.spring.client.bean.value.factory.ReadAnnotationValueConfiguration] is not eligible for getting processed by all BeanPostProcessors (for example: not eligible for auto-proxying)
2021-03-16 10:53:04.201  INFO 1 --- [           main] trationDelegate$BeanPostProcessorChecker : Bean 'zeebeExpressionResolver' of type [io.zeebe.spring.util.ZeebeExpressionResolver] is not eligible for getting processed by all BeanPostProcessors (for example: not eligible for auto-proxying)
2021-03-16 10:53:04.205  INFO 1 --- [           main] trationDelegate$BeanPostProcessorChecker : Bean 'readZeebeDeploymentValue' of type [io.zeebe.spring.client.bean.value.factory.ReadZeebeDeploymentValue] is not eligible for getting processed by all BeanPostProcessors (for example: not eligible for auto-proxying)
2021-03-16 10:53:04.208  INFO 1 --- [           main] trationDelegate$BeanPostProcessorChecker : Bean 'deploymentPostProcessor' of type [io.zeebe.spring.client.config.processor.DeploymentPostProcessor] is not eligible for getting processed by all BeanPostProcessors (for example: not eligible for auto-proxying)
2021-03-16 10:53:04.211  INFO 1 --- [           main] trationDelegate$BeanPostProcessorChecker : Bean 'readZeebeWorkerValue' of type [io.zeebe.spring.client.bean.value.factory.ReadZeebeWorkerValue] is not eligible for getting processed by all BeanPostProcessors (for example: not eligible for auto-proxying)
2021-03-16 10:53:04.212  INFO 1 --- [           main] trationDelegate$BeanPostProcessorChecker : Bean 'zeebeWorkerPostProcessor' of type [io.zeebe.spring.client.config.processor.ZeebeWorkerPostProcessor] is not eligible for getting processed by all BeanPostProcessors (for example: not eligible for auto-proxying)
2021-03-16 10:53:04.376  INFO 1 --- [           main] trationDelegate$BeanPostProcessorChecker : Bean 'zeebe.client-io.zeebe.spring.client.properties.ZeebeClientConfigurationProperties' of type [io.zeebe.spring.client.properties.ZeebeClientConfigurationProperties] is not eligible for getting processed by all BeanPostProcessors (for example: not eligible for auto-proxying)
2021-03-16 10:53:04.379  INFO 1 --- [           main] trationDelegate$BeanPostProcessorChecker : Bean 'io.zeebe.spring.client.config.ZeebeClientStarterAutoConfiguration' of type [io.zeebe.spring.client.config.ZeebeClientStarterAutoConfiguration$$EnhancerBySpringCGLIB$$5bd03f9a] is not eligible for getting processed by all BeanPostProcessors (for example: not eligible for auto-proxying)
2021-03-16 10:53:04.393  INFO 1 --- [           main] trationDelegate$BeanPostProcessorChecker : Bean 'builder' of type [io.zeebe.client.impl.ZeebeClientBuilderImpl] is not eligible for getting processed by all BeanPostProcessors (for example: not eligible for auto-proxying)
2021-03-16 10:53:04.394  INFO 1 --- [           main] trationDelegate$BeanPostProcessorChecker : Bean 'io.zeebe.spring.client.config.ZeebeClientSpringConfiguration' of type [io.zeebe.spring.client.config.ZeebeClientSpringConfiguration] is not eligible for getting processed by all BeanPostProcessors (for example: not eligible for auto-proxying)
2021-03-16 10:53:04.398  INFO 1 --- [           main] trationDelegate$BeanPostProcessorChecker : Bean 'zeebeClientObjectFactory' of type [io.zeebe.spring.client.config.ZeebeClientSpringConfiguration$$Lambda$248/0x000000080025a040] is not eligible for getting processed by all BeanPostProcessors (for example: not eligible for auto-proxying)
2021-03-16 10:53:04.402  INFO 1 --- [           main] trationDelegate$BeanPostProcessorChecker : Bean 'zeebeClientLifecycle' of type [io.zeebe.spring.client.ZeebeClientLifecycle] is not eligible for getting processed by all BeanPostProcessors (for example: not eligible for auto-proxying)
2021-03-16 10:53:04.412  INFO 1 --- [           main] i.z.s.c.c.p.ZeebeWorkerPostProcessor     : zeebeWorker: ClassInfo(bean=com.zeebe.workers.Task1$$EnhancerBySpringCGLIB$$496e5820@17ae98d7, beanName=task1)
2021-03-16 10:53:04.906  INFO 1 --- [           main] i.z.s.c.c.p.ZeebeWorkerPostProcessor     : register job worker: ZeebeWorkerValue(type=mkodnanitask1, name=task1-worker, timeout=-1, maxJobsActive=-1, beanInfo=MethodInfo(classInfo=ClassInfo(bean=com.zeebe.workers.Task1$$EnhancerBySpringCGLIB$$496e5820@17ae98d7, beanName=task1), method=public void com.zeebe.workers.Task1.handler(io.zeebe.client.api.worker.JobClient,io.zeebe.client.api.response.ActivatedJob) throws java.lang.InterruptedException))
2021-03-16 10:53:04.931  INFO 1 --- [           main] com.zeebe.workers.Task1                  : Started Task1 in 1.895 seconds (JVM running for 2.464)
